<?xml version="1.0" encoding="UTF-8"?>
<!-- Generated by org.testng.reporters.JUnitReportReporter -->
<testsuite hostname="LAPTOP-KNO4FTC0" name="gmail_NewRegistration.Gmail_NewRegistration" tests="1" failures="0" timestamp="5 Sep 2017 17:13:24 GMT" time="282366.125" errors="0">
  <testcase name="NewRegistration" time="282366.125" classname="gmail_NewRegistration.Gmail_NewRegistration"/>
</testsuite> <!-- gmail_NewRegistration.Gmail_NewRegistration -->
