<?xml version="1.0" encoding="UTF-8"?>
<!-- Generated by org.testng.reporters.JUnitReportReporter -->
<testsuite hostname="LAPTOP-KNO4FTC0" name="propertiesFile.PropertiesTest1" tests="1" failures="0" timestamp="11 Sep 2017 13:03:54 GMT" time="7.131" errors="0">
  <testcase name="PropertiesLinksTest" time="7.131" classname="propertiesFile.PropertiesTest1"/>
</testsuite> <!-- propertiesFile.PropertiesTest1 -->
